1694980671593	geckodriver	INFO	Listening on 127.0.0.1:35513
1694980672120	mozrunner::runner	INFO	Running command: MOZ_CRASHREPORTER="1" MOZ_CRASHREPORTER_NO_REPORT="1" MOZ_CRASHREPORTER_SHUTDOWN="1" MOZ_NO_REMOTE="1" "/usr ... te" "--remote-debugging-port" "54951" "--remote-allow-hosts" "localhost" "-no-remote" "-profile" "/tmp/rust_mozprofiledD6rPO"
console.warn: services.settings: Ignoring preference override of remote settings server
console.warn: services.settings: Allow by setting MOZ_REMOTE_SETTINGS_DEVTOOLS=1 in the environment
Crash Annotation GraphicsCriticalError: |[0][GFX1-]: vaapitest: ERROR (t=0.709636) [GFX1-]: vaapitest: ERROR
Crash Annotation GraphicsCriticalError: |[0][GFX1-]: vaapitest: ERROR (t=0.709636) |[1][GFX1-]: vaapitest: VA-API test failed: failed to initialise VAAPI connection.
 (t=0.709684) [GFX1-]: vaapitest: VA-API test failed: failed to initialise VAAPI connection.

1694980672889	Marionette	INFO	Marionette enabled
1694980672982	Marionette	INFO	Listening on port 43329
WebDriver BiDi listening on ws://127.0.0.1:54951
Read port: 43329
1694980743826	geckodriver	INFO	Listening on 127.0.0.1:54647
1694980744374	mozrunner::runner	INFO	Running command: MOZ_CRASHREPORTER="1" MOZ_CRASHREPORTER_NO_REPORT="1" MOZ_CRASHREPORTER_SHUTDOWN="1" MOZ_NO_REMOTE="1" "/usr ... te" "--remote-debugging-port" "57269" "--remote-allow-hosts" "localhost" "-no-remote" "-profile" "/tmp/rust_mozprofile1aeIEw"
console.warn: services.settings: Ignoring preference override of remote settings server
console.warn: services.settings: Allow by setting MOZ_REMOTE_SETTINGS_DEVTOOLS=1 in the environment
Crash Annotation GraphicsCriticalError: |[0][GFX1-]: vaapitest: ERROR (t=0.667591) [GFX1-]: vaapitest: ERROR
Crash Annotation GraphicsCriticalError: |[0][GFX1-]: vaapitest: ERROR (t=0.667591) |[1][GFX1-]: vaapitest: VA-API test failed: failed to initialise VAAPI connection.
 (t=0.667639) [GFX1-]: vaapitest: VA-API test failed: failed to initialise VAAPI connection.

1694980745092	Marionette	INFO	Marionette enabled
1694980745180	Marionette	INFO	Listening on port 36697
WebDriver BiDi listening on ws://127.0.0.1:57269
Read port: 36697
1694980745500	RemoteAgent	WARN	TLS certificate errors will be ignored for this session
console.error: ({})
DevTools listening on ws://127.0.0.1:57269/devtools/browser/2e411192-ad54-4bda-b560-5cc3acb23613
1694980750391	Marionette	WARN	Ignoring event 'DOMContentLoaded' because document has an invalid readyState of 'complete'.
JavaScript error: , line 0: uncaught exception: undefined
JavaScript error: , line 0: TypeError: NetworkError when attempting to fetch resource.
JavaScript warning: https://pagead2.googlesyndication.com/bg/D38i8ocviMyns63bFlxz04547CGgVcdJsS8VZS_5djY.js line 2 > eval line 7581 > eval line 1 > eval line 1 > eval, line 1: WEBGL_debug_renderer_info is deprecated in Firefox and will be removed. Please use RENDERER.
JavaScript warning: https://pagead2.googlesyndication.com/bg/D38i8ocviMyns63bFlxz04547CGgVcdJsS8VZS_5djY.js line 2 > eval line 4403 > eval line 1 > eval line 1 > eval, line 1: WEBGL_debug_renderer_info is deprecated in Firefox and will be removed. Please use RENDERER.
JavaScript warning: https://pagead2.googlesyndication.com/bg/b6KMqTAYqBIA24ZWjqYq8V8pGhE_E2wERo_hclhyfAY.js line 2 > eval line 4879 > eval line 1 > eval line 1 > eval, line 1: WEBGL_debug_renderer_info is deprecated in Firefox and will be removed. Please use RENDERER.
console.error: "update.locale" " file doesn't exist in either the application or GRE directories"
1694993494828	addons.xpi	ERROR	System addon update list error Error: Failed downloading XML, status: 0, channelStatus: 2152398878, errorCode: 2, reason: error
JavaScript error: , line 0: TypeError: NetworkError when attempting to fetch resource.
JavaScript warning: https://cdn.js7k.com/rq/iv/inside.js, line 1: WEBGL_debug_renderer_info is deprecated in Firefox and will be removed. Please use RENDERER.
JavaScript error: , line 0: TypeError: NetworkError when attempting to fetch resource.
JavaScript error: , line 0: TypeError: NetworkError when attempting to fetch resource.
JavaScript warning: https://pagead2.googlesyndication.com/bg/D38i8ocviMyns63bFlxz04547CGgVcdJsS8VZS_5djY.js line 2 > eval line 1519 > eval line 1 > eval line 1 > eval, line 1: WEBGL_debug_renderer_info is deprecated in Firefox and will be removed. Please use RENDERER.
JavaScript warning: https://z.moatads.com/quantcastv2691176990399/moatad.js#moatClientLevel1=p-tTB93UFC5vepM&moatClientLevel2=qfm&moatClientLevel3=0776cadf-d063-49a3-896a-580f097c80ef&moatClientLevel4=40e13ba6-5a5a-486e-a71b-b62fa73422d8&uid=WB6IFl0d3hZCGNYVWlbaFg4ZwxteHY0OVkzfFAtI2RJfTN0aFENtVQ==, line 285: WEBGL_debug_renderer_info is deprecated in Firefox and will be removed. Please use RENDERER.
JavaScript error: , line 0: TypeError: NetworkError when attempting to fetch resource.
JavaScript error: , line 0: TypeError: NetworkError when attempting to fetch resource.
JavaScript warning: https://pagead2.googlesyndication.com/bg/D38i8ocviMyns63bFlxz04547CGgVcdJsS8VZS_5djY.js line 2 > eval line 7024 > eval line 1 > eval line 1 > eval, line 1: WEBGL_debug_renderer_info is deprecated in Firefox and will be removed. Please use RENDERER.
1694993579524	Marionette	INFO	Stopped listening on port 36697
JavaScript error: , line 0: TypeError: NetworkError when attempting to fetch resource.
JavaScript error: , line 0: TypeError: NetworkError when attempting to fetch resource.
JavaScript error: , line 0: TypeError: NetworkError when attempting to fetch resource.
JavaScript error: , line 0: TypeError: NetworkError when attempting to fetch resource.
